<?xml version="1.0" encoding="UTF-8"?>
<!-- Generated by org.testng.reporters.JUnitReportReporter -->
<testsuite hostname="LIN19003764" failures="0" tests="1" name="testCases.TC_01_Login_InvalidCreds" time="1.629" errors="0" timestamp="2024-01-11T18:24:20 IST" skipped="0">
  <testcase classname="testCases.TC_01_Login_InvalidCreds" name="verify_invalid_login" time="1.629"/>
</testsuite> <!-- testCases.TC_01_Login_InvalidCreds -->
