<?xml version="1.0" encoding="UTF-8"?>
<!-- Generated by org.testng.reporters.JUnitReportReporter -->
<testsuite hostname="LIN19003764" failures="0" tests="1" name="testCases.TC_02_Login_InvalidCreds" time="1.698" errors="0" timestamp="2024-01-13T11:05:50 IST" skipped="0">
  <testcase classname="testCases.TC_02_Login_InvalidCreds" name="verify_invalid_login" time="1.698"/>
</testsuite> <!-- testCases.TC_02_Login_InvalidCreds -->
